<?xml version="1.0" encoding="UTF-8"?>
<testng-results ignored="0" total="5" passed="5" failed="0" skipped="0">
  <reporter-output>
  </reporter-output>
  <suite started-at="2024-02-19T18:29:55 IST" name="Default suite" finished-at="2024-02-19T18:30:22 IST" duration-ms="26851">
    <groups>
    </groups>
    <test started-at="2024-02-19T18:29:55 IST" name="Default test" finished-at="2024-02-19T18:30:22 IST" duration-ms="26851">
      <class name="orangehrm.Orangehrm">
        <test-method signature="EnterTheULRInBrowser()[pri:1, instance:orangehrm.Orangehrm@5939a379]" started-at="2024-02-19T18:29:55 IST" name="EnterTheULRInBrowser" finished-at="2024-02-19T18:30:13 IST" duration-ms="17666" status="PASS">
          <reporter-output>
          </reporter-output>
        </test-method> <!-- EnterTheULRInBrowser -->
        <test-method signature="user_enter_the_vaild_username_and_password()[pri:2, instance:orangehrm.Orangehrm@5939a379]" started-at="2024-02-19T18:30:13 IST" name="user_enter_the_vaild_username_and_password" finished-at="2024-02-19T18:30:14 IST" duration-ms="994" status="PASS">
          <reporter-output>
          </reporter-output>
        </test-method> <!-- user_enter_the_vaild_username_and_password -->
        <test-method signature="click_on_login_button()[pri:3, instance:orangehrm.Orangehrm@5939a379]" started-at="2024-02-19T18:30:14 IST" name="click_on_login_button" finished-at="2024-02-19T18:30:21 IST" duration-ms="7234" status="PASS">
          <reporter-output>
          </reporter-output>
        </test-method> <!-- click_on_login_button -->
        <test-method signature="user_is_navigated_to_home_page()[pri:4, instance:orangehrm.Orangehrm@5939a379]" started-at="2024-02-19T18:30:21 IST" name="user_is_navigated_to_home_page" finished-at="2024-02-19T18:30:21 IST" duration-ms="147" status="PASS">
          <reporter-output>
          </reporter-output>
        </test-method> <!-- user_is_navigated_to_home_page -->
        <test-method signature="close_the_browser()[pri:5, instance:orangehrm.Orangehrm@5939a379]" started-at="2024-02-19T18:30:21 IST" name="close_the_browser" finished-at="2024-02-19T18:30:22 IST" duration-ms="749" status="PASS">
          <reporter-output>
          </reporter-output>
        </test-method> <!-- close_the_browser -->
      </class> <!-- orangehrm.Orangehrm -->
    </test> <!-- Default test -->
  </suite> <!-- Default suite -->
</testng-results>
